<?xml version="1.0" encoding="UTF-8"?>
<testng-results ignored="0" total="1" passed="1" failed="0" skipped="0">
  <reporter-output>
  </reporter-output>
  <suite started-at="2025-06-15T13:08:23 IST" name="Default suite" finished-at="2025-06-15T13:08:30 IST" duration-ms="7314">
    <groups>
    </groups>
    <test started-at="2025-06-15T13:08:23 IST" name="Default test" finished-at="2025-06-15T13:08:30 IST" duration-ms="7314">
      <class name="selinumtestig.one.NewTest">
        <test-method is-config="true" signature="beforeTest()[pri:0, instance:selinumtestig.one.NewTest@3b69e7d1]" started-at="2025-06-15T13:08:23 IST" name="beforeTest" finished-at="2025-06-15T13:08:24 IST" duration-ms="1159" status="PASS">
          <reporter-output>
          </reporter-output>
        </test-method> <!-- beforeTest -->
        <test-method signature="f()[pri:0, instance:selinumtestig.one.NewTest@3b69e7d1]" started-at="2025-06-15T13:08:24 IST" name="f" finished-at="2025-06-15T13:08:30 IST" duration-ms="6021" status="PASS">
          <reporter-output>
          </reporter-output>
        </test-method> <!-- f -->
        <test-method is-config="true" signature="afterTest()[pri:0, instance:selinumtestig.one.NewTest@3b69e7d1]" started-at="2025-06-15T13:08:30 IST" name="afterTest" finished-at="2025-06-15T13:08:30 IST" duration-ms="111" status="PASS">
          <reporter-output>
          </reporter-output>
        </test-method> <!-- afterTest -->
      </class> <!-- selinumtestig.one.NewTest -->
    </test> <!-- Default test -->
  </suite> <!-- Default suite -->
</testng-results>
